{"level":"info","message":"[mb:2525] mountebank v2.9.1 now taking orders - point your browser to http://localhost:2525/ for help","timestamp":"2025-06-21T22:02:13.636Z"}
{"level":"info","message":"[mb:2525] GET /imposters","timestamp":"2025-06-21T22:02:30.807Z"}
{"level":"info","message":"[mb:2525] POST /imposters","timestamp":"2025-06-21T22:02:41.009Z"}
{"level":"info","message":"[http:4044 BNS] Open for business...","timestamp":"2025-06-21T22:02:41.017Z"}
{"level":"info","message":"[mb:2525] GET /imposters","timestamp":"2025-06-21T22:02:41.026Z"}
{"level":"info","message":"[mb:2525] GET /imposters/4044","timestamp":"2025-06-21T22:02:45.489Z"}
{"level":"info","message":"[http:4044 BNS] ::1:57443 => GET /","timestamp":"2025-06-21T22:02:59.564Z"}
{"level":"info","message":"[http:4044 BNS] ::1:57444 => GET /favicon.ico","timestamp":"2025-06-21T22:02:59.683Z"}
{"level":"info","message":"[mb:2525] GET /imposters","timestamp":"2025-06-21T22:03:09.362Z"}
{"level":"info","message":"[mb:2525] GET /imposters/4044","timestamp":"2025-06-21T22:04:11.642Z"}
{"level":"info","message":"[mb:2525] DELETE /imposters/4044","timestamp":"2025-06-21T22:04:13.403Z"}
{"level":"info","message":"[http:4044 BNS] Ciao for now","timestamp":"2025-06-21T22:04:13.407Z"}
{"level":"info","message":"[mb:2525] GET /imposters","timestamp":"2025-06-21T22:04:13.425Z"}
{"level":"info","message":"[mb:2525] POST /imposters","timestamp":"2025-06-21T22:04:22.800Z"}
{"level":"info","message":"[http:4044 BNS] Open for business...","timestamp":"2025-06-21T22:04:22.804Z"}
{"level":"info","message":"[mb:2525] GET /imposters","timestamp":"2025-06-21T22:04:22.811Z"}
{"level":"info","message":"[mb:2525] GET /imposters/4044","timestamp":"2025-06-21T22:04:23.893Z"}
{"level":"info","message":"[http:4044 BNS] ::1:57838 => GET /","timestamp":"2025-06-21T22:04:35.214Z"}
{"level":"info","message":"[http:4044 BNS] ::1:57839 => GET /favicon.ico","timestamp":"2025-06-21T22:04:35.333Z"}
{"level":"info","message":"[mb:2525] PUT /imposters/4044/stubs","timestamp":"2025-06-21T22:04:47.246Z"}
{"level":"info","message":"[http:4044 BNS] ::1:57915 => GET /","timestamp":"2025-06-21T22:04:53.340Z"}
{"level":"info","message":"[http:4044 BNS] ::1:57916 => GET /favicon.ico","timestamp":"2025-06-21T22:04:53.401Z"}
{"level":"info","message":"[mb:2525] DELETE /imposters/4044","timestamp":"2025-06-21T22:05:17.597Z"}
{"level":"info","message":"[http:4044 BNS] Ciao for now","timestamp":"2025-06-21T22:05:17.599Z"}
{"level":"info","message":"[mb:2525] GET /imposters","timestamp":"2025-06-21T22:05:17.614Z"}
{"level":"info","message":"[mb:2525] POST /imposters","timestamp":"2025-06-21T22:05:50.218Z"}
{"level":"info","message":"[http:4044 BNS] Open for business...","timestamp":"2025-06-21T22:05:50.219Z"}
{"level":"info","message":"[mb:2525] GET /imposters","timestamp":"2025-06-21T22:05:50.225Z"}
{"level":"info","message":"[mb:2525] GET /imposters/4044","timestamp":"2025-06-21T22:05:51.194Z"}
{"level":"info","message":"[http:4044 BNS] ::1:58173 => GET /favicon.ico","timestamp":"2025-06-21T22:05:56.841Z"}
{"level":"info","message":"[http:4044 BNS] ::1:58174 => GET /","timestamp":"2025-06-21T22:05:59.656Z"}
{"level":"info","message":"[http:4044 BNS] ::1:58187 => GET /favicon.ico","timestamp":"2025-06-21T22:05:59.701Z"}
{"level":"info","message":"[mb:2525] PUT /imposters/4044/stubs","timestamp":"2025-06-21T22:06:20.286Z"}
{"level":"info","message":"[http:4044 BNS] ::1:58291 => GET /","timestamp":"2025-06-21T22:06:24.997Z"}
{"level":"info","message":"[http:4044 BNS] ::1:58292 => GET /favicon.ico","timestamp":"2025-06-21T22:06:25.052Z"}
{"level":"info","message":"[mb:2525] DELETE /imposters/4044","timestamp":"2025-06-21T22:06:31.969Z"}
{"level":"info","message":"[http:4044 BNS] Ciao for now","timestamp":"2025-06-21T22:06:31.970Z"}
{"level":"info","message":"[mb:2525] GET /imposters","timestamp":"2025-06-21T22:06:31.986Z"}
